11/18/2014 01:07:06 PM | infor2csv | INFO | Counting rows in source...
11/18/2014 01:07:06 PM | infor2csv | WARNING | 
Connected.


1 row(s) retrieved.


Disconnected.


11/18/2014 01:07:06 PM | infor2csv | INFO | Fetching query columns.
11/18/2014 01:07:06 PM | infor2csv | WARNING | 
Connected.


1 row(s) retrieved.


Disconnected.


11/18/2014 01:07:06 PM | infor2csv | INFO | Got 10 columns.
11/18/2014 01:07:06 PM | infor2csv | INFO | Starting Thread-0
11/18/2014 01:07:06 PM | infor2csv | INFO | Thread-0 processing Shard-0
11/18/2014 01:07:06 PM | infor2csv | INFO | Extracting data...
11/18/2014 01:07:06 PM | infor2csv | INFO | Done.
11/18/2014 01:07:06 PM | infor2csv | INFO | Thread-0 exit status 0
11/18/2014 01:07:06 PM | infor2csv | INFO | Exiting Thread-0
11/18/2014 01:07:06 PM | infor2csv | INFO | Shard-0/0:          95 rows
11/18/2014 01:07:06 PM | infor2csv | INFO | TOTAL Bytes:        9310 Bytes
11/18/2014 01:07:06 PM | infor2csv | INFO | TOTAL Rows:           95 Rows
11/18/2014 01:07:06 PM | infor2csv | INFO | Done.
11/18/2014 01:07:06 PM | infor2csv | INFO | Elapsed: 00:00:00
