11/18/2014 01:10:04 PM | infor2csv | INFO | Counting rows in source...
11/18/2014 01:10:04 PM | infor2csv | WARNING | 
Connected.


1 row(s) retrieved.


Disconnected.


11/18/2014 01:10:04 PM | infor2csv | INFO | Fetching query columns.
11/18/2014 01:10:04 PM | infor2csv | WARNING | 
Connected.


1 row(s) retrieved.


Disconnected.


11/18/2014 01:10:04 PM | infor2csv | INFO | Got 10 columns.
11/18/2014 01:10:04 PM | infor2csv | INFO | Starting Thread-0
11/18/2014 01:10:04 PM | infor2csv | INFO | Starting Thread-1
11/18/2014 01:10:04 PM | infor2csv | INFO | Starting Thread-2
11/18/2014 01:10:04 PM | infor2csv | INFO | Thread-0 processing Shard-0
11/18/2014 01:10:04 PM | infor2csv | INFO | Thread-1 processing Shard-1
11/18/2014 01:10:04 PM | infor2csv | INFO | Extracting data...
11/18/2014 01:10:04 PM | infor2csv | INFO | Thread-2 processing Shard-2
11/18/2014 01:10:04 PM | infor2csv | INFO | Extracting data...
11/18/2014 01:10:04 PM | infor2csv | INFO | Extracting data...
11/18/2014 01:10:04 PM | infor2csv | INFO | Done.
11/18/2014 01:10:04 PM | infor2csv | INFO | Done.
11/18/2014 01:10:04 PM | infor2csv | INFO | Thread-0 exit status 0
11/18/2014 01:10:04 PM | infor2csv | INFO | Done.
11/18/2014 01:10:04 PM | infor2csv | INFO | Thread-2 exit status 0
11/18/2014 01:10:04 PM | infor2csv | INFO | Exiting Thread-0
11/18/2014 01:10:04 PM | infor2csv | INFO | Thread-1 exit status 0
11/18/2014 01:10:04 PM | infor2csv | INFO | Exiting Thread-2
11/18/2014 01:10:04 PM | infor2csv | INFO | Exiting Thread-1
11/18/2014 01:10:04 PM | infor2csv | INFO | Shard-0/0:          30 rows
11/18/2014 01:10:04 PM | infor2csv | INFO | Shard-1/0:          30 rows
11/18/2014 01:10:04 PM | infor2csv | INFO | Shard-2/0:          33 rows
11/18/2014 01:10:04 PM | infor2csv | INFO | TOTAL Bytes:        9114 Bytes
11/18/2014 01:10:04 PM | infor2csv | INFO | TOTAL Rows:           93 Rows
11/18/2014 01:10:04 PM | infor2csv | INFO | Done.
11/18/2014 01:10:04 PM | infor2csv | INFO | Elapsed: 00:00:00
